Using pre-set license
Built from '2020.3/staging' branch; Version is '2020.3.22f1 (e1a7f79fd887) revision 14788599'; Using compiler version '192528614'; Build Type 'Release'
OS: 'Windows 10 Pro; OS build 19044.1466; Version 2009; 64bit' Language: 'en' Physical Memory: 6007 MB
BatchMode: 1, IsHumanControllingUs: 0, StartBugReporterOnCrash: 0, Is64bit: 1, IsPro: 0

COMMAND LINE ARGUMENTS:
E:\Unity 2020\2020.3.22f1\2020.3.22f1\Editor\Unity.exe
-adb2
-batchMode
-noUpm
-name
AssetImportWorker13
-projectPath
F:/GameTrain/UnityProjects/Challenge1_PlaneMovement
-logFile
Logs/AssetImportWorker13.log
-srvPort
63145
Successfully changed project path to: F:/GameTrain/UnityProjects/Challenge1_PlaneMovement
F:/GameTrain/UnityProjects/Challenge1_PlaneMovement
Using Asset Import Pipeline V2.
Refreshing native plugins compatible for Editor in 172.06 ms, found 2 plugins.
Preloading 0 native plugins for Editor in 0.00 ms.
Initialize engine version: 2020.3.22f1 (e1a7f79fd887)
[Subsystems] Discovering subsystems at path E:/Unity 2020/2020.3.22f1/2020.3.22f1/Editor/Data/Resources/UnitySubsystems
[Subsystems] Discovering subsystems at path F:/GameTrain/UnityProjects/Challenge1_PlaneMovement/Assets
GfxDevice: creating device client; threaded=0
Direct3D:
    Version:  Direct3D 11.0 [level 11.0]
    Renderer: Intel(R) HD Graphics 4000 (ID=0x166)
    Vendor:   
    VRAM:     128 MB
    Driver:   10.18.10.5161
Initialize mono
Mono path[0] = 'E:/Unity 2020/2020.3.22f1/2020.3.22f1/Editor/Data/Managed'
Mono path[1] = 'E:/Unity 2020/2020.3.22f1/2020.3.22f1/Editor/Data/MonoBleedingEdge/lib/mono/unityjit'
Mono config path = 'E:/Unity 2020/2020.3.22f1/2020.3.22f1/Editor/Data/MonoBleedingEdge/etc'
Using monoOptions --debugger-agent=transport=dt_socket,embedding=1,server=y,suspend=n,address=127.0.0.1:56560
Begin MonoManager ReloadAssembly
Registering precompiled unity dll's ...
Register platform support module: E:/Unity 2020/2020.3.22f1/2020.3.22f1/Editor/Data/PlaybackEngines/WebGLSupport/UnityEditor.WebGL.Extensions.dll
Register platform support module: E:/Unity 2020/2020.3.22f1/2020.3.22f1/Editor/Data/PlaybackEngines/WindowsStandaloneSupport/UnityEditor.WindowsStandalone.Extensions.dll
Registered in 0.002992 seconds.
Native extension for WindowsStandalone target not found
Native extension for WebGL target not found
Refreshing native plugins compatible for Editor in 134.31 ms, found 2 plugins.
Preloading 0 native plugins for Editor in 0.00 ms.
Mono: successfully reloaded assembly
- Completed reload, in  7.498 seconds
Domain Reload Profiling:
	ReloadAssembly (7499ms)
		BeginReloadAssembly (381ms)
			ExecutionOrderSort (0ms)
			DisableScriptedObjects (0ms)
			BackupInstance (0ms)
			ReleaseScriptingObjects (0ms)
			CreateAndSetChildDomain (19ms)
		EndReloadAssembly (2184ms)
			LoadAssemblies (280ms)
			RebuildTransferFunctionScriptingTraits (0ms)
			SetupTypeCache (760ms)
			ReleaseScriptCaches (0ms)
			RebuildScriptCaches (204ms)
			SetupLoadedEditorAssemblies (688ms)
				LogAssemblyErrors (0ms)
				InitializePlatformSupportModulesInManaged (18ms)
				SetLoadedEditorAssemblies (1ms)
				RefreshPlugins (135ms)
				BeforeProcessingInitializeOnLoad (46ms)
				ProcessInitializeOnLoadAttributes (390ms)
				ProcessInitializeOnLoadMethodAttributes (98ms)
				AfterProcessingInitializeOnLoad (0ms)
				EditorAssembliesLoaded (1ms)
			ExecutionOrderSort2 (0ms)
			AwakeInstancesAfterBackupRestoration (0ms)
Platform modules already initialized, skipping
Registering precompiled user dll's ...
Registered in 0.012668 seconds.
Begin MonoManager ReloadAssembly
Native extension for WindowsStandalone target not found
Native extension for WebGL target not found
Refreshing native plugins compatible for Editor in 0.93 ms, found 2 plugins.
Preloading 0 native plugins for Editor in 0.00 ms.
Mono: successfully reloaded assembly
- Completed reload, in  7.341 seconds
Domain Reload Profiling:
	ReloadAssembly (7343ms)
		BeginReloadAssembly (712ms)
			ExecutionOrderSort (0ms)
			DisableScriptedObjects (11ms)
			BackupInstance (0ms)
			ReleaseScriptingObjects (0ms)
			CreateAndSetChildDomain (44ms)
		EndReloadAssembly (6260ms)
			LoadAssemblies (1172ms)
			RebuildTransferFunctionScriptingTraits (0ms)
			SetupTypeCache (1463ms)
			ReleaseScriptCaches (1ms)
			RebuildScriptCaches (275ms)
			SetupLoadedEditorAssemblies (2839ms)
				LogAssemblyErrors (0ms)
				InitializePlatformSupportModulesInManaged (17ms)
				SetLoadedEditorAssemblies (1ms)
				RefreshPlugins (1ms)
				BeforeProcessingInitializeOnLoad (295ms)
				ProcessInitializeOnLoadAttributes (2359ms)
				ProcessInitializeOnLoadMethodAttributes (157ms)
				AfterProcessingInitializeOnLoad (8ms)
				EditorAssembliesLoaded (1ms)
			ExecutionOrderSort2 (0ms)
			AwakeInstancesAfterBackupRestoration (88ms)
Platform modules already initialized, skipping
========================================================================
Worker process is ready to serve import requests
Launched and connected shader compiler UnityShaderCompiler.exe after 0.49 seconds
Refreshing native plugins compatible for Editor in 0.92 ms, found 2 plugins.
Preloading 0 native plugins for Editor in 0.00 ms.
Unloading 1490 Unused Serialized files (Serialized files now loaded: 0)
System memory in use before: 67.3 MB.
System memory in use after: 67.4 MB.

Unloading 19 unused Assets to reduce memory usage. Loaded Objects now: 1923.
Total: 7.687700 ms (FindLiveObjects: 0.231200 ms CreateObjectMapping: 0.088300 ms MarkObjects: 7.190000 ms  DeleteObjects: 0.176100 ms)

AssetImportParameters requested are different than current active one (requested -> active):
  custom:framework-win-MediaFoundation: 216162199b28c13a410421893ffa2e32 -> 
  custom:video-decoder-ogg-theora: a1e56fd34408186e4bbccfd4996cb3dc -> 
  custom:container-muxer-webm: aa71ff27fc2769a1b78a27578f13a17b -> 
  custom:container-demuxer-webm: 4f35f7cbe854078d1ac9338744f61a02 -> 
  custom:container-demuxer-ogg: 62fdf1f143b41e24485cea50d1cbac27 -> 
  custom:video-encoder-webm-vp8: eb34c28f22e8b96e1ab97ce403110664 -> 
  custom:video-decoder-webm-vp8: 9c59270c3fd7afecdb556c50c9e8de78 -> 
  custom:audio-decoder-ogg-vorbis: bf7c407c2cedff20999df2af8eb42d56 -> 
  custom:audio-encoder-webm-vorbis: bf7c407c2cedff20999df2af8eb42d56 -> 
========================================================================
Received Import Request.
  path: Assets/Challenge 1/Scripts/FollowPlayerX.cs
  artifactKey: Guid(573453567e55b468d959b66ab676a102) Importer(815301076,1909f56bfc062723c751e8b465ee728b)
Start importing Assets/Challenge 1/Scripts/FollowPlayerX.cs using Guid(573453567e55b468d959b66ab676a102) Importer(815301076,1909f56bfc062723c751e8b465ee728b)  -> (artifact id: '4d3855cf112ec1c29ffbcfb1c4ed03e7') in 0.263747 seconds 
  Import took 0.375005 seconds .

========================================================================
Received Import Request.
  Time since last request: 0.000363 seconds.
  path: Assets/Challenge 1/Scripts/PlayerControllerX.cs
  artifactKey: Guid(0232a093d67e448b7a80e945acf8e227) Importer(815301076,1909f56bfc062723c751e8b465ee728b)
Start importing Assets/Challenge 1/Scripts/PlayerControllerX.cs using Guid(0232a093d67e448b7a80e945acf8e227) Importer(815301076,1909f56bfc062723c751e8b465ee728b)  -> (artifact id: '83cc3ad91cb11296ce13a0afbe5575b1') in 0.330377 seconds 
  Import took 0.376235 seconds .

========================================================================
Received Import Request.
  Time since last request: 313.932185 seconds.
  path: Assets/Challenge 1/Scripts/PlayerControllerX.cs
  artifactKey: Guid(0232a093d67e448b7a80e945acf8e227) Importer(815301076,1909f56bfc062723c751e8b465ee728b)
Start importing Assets/Challenge 1/Scripts/PlayerControllerX.cs using Guid(0232a093d67e448b7a80e945acf8e227) Importer(815301076,1909f56bfc062723c751e8b465ee728b)  -> (artifact id: 'eed9f29c875582a356f64b57418a8067') in 0.201856 seconds 
  Import took 0.387931 seconds .

========================================================================
Received Prepare
Registering precompiled user dll's ...
Registered in 0.234742 seconds.
Begin MonoManager ReloadAssembly
Native extension for WindowsStandalone target not found
Native extension for WebGL target not found
Refreshing native plugins compatible for Editor in 1.07 ms, found 2 plugins.
Preloading 0 native plugins for Editor in 0.00 ms.
Mono: successfully reloaded assembly
- Completed reload, in  7.009 seconds
Domain Reload Profiling:
	ReloadAssembly (7010ms)
		BeginReloadAssembly (662ms)
			ExecutionOrderSort (0ms)
			DisableScriptedObjects (16ms)
			BackupInstance (0ms)
			ReleaseScriptingObjects (0ms)
			CreateAndSetChildDomain (68ms)
		EndReloadAssembly (6233ms)
			LoadAssemblies (1309ms)
			RebuildTransferFunctionScriptingTraits (1ms)
			SetupTypeCache (2079ms)
			ReleaseScriptCaches (1ms)
			RebuildScriptCaches (307ms)
			SetupLoadedEditorAssemblies (2054ms)
				LogAssemblyErrors (0ms)
				InitializePlatformSupportModulesInManaged (43ms)
				SetLoadedEditorAssemblies (6ms)
				RefreshPlugins (1ms)
				BeforeProcessingInitializeOnLoad (371ms)
				ProcessInitializeOnLoadAttributes (1603ms)
				ProcessInitializeOnLoadMethodAttributes (20ms)
				AfterProcessingInitializeOnLoad (9ms)
				EditorAssembliesLoaded (1ms)
			ExecutionOrderSort2 (0ms)
			AwakeInstancesAfterBackupRestoration (39ms)
Platform modules already initialized, skipping
Refreshing native plugins compatible for Editor in 1.00 ms, found 2 plugins.
Preloading 0 native plugins for Editor in 0.00 ms.
Unloading 1484 Unused Serialized files (Serialized files now loaded: 0)
System memory in use before: 67.1 MB.
System memory in use after: 67.2 MB.

Unloading 14 unused Assets to reduce memory usage. Loaded Objects now: 1925.
Total: 16.991900 ms (FindLiveObjects: 0.625900 ms CreateObjectMapping: 0.225400 ms MarkObjects: 16.092000 ms  DeleteObjects: 0.045200 ms)

AssetImportParameters requested are different than current active one (requested -> active):
  custom:framework-win-MediaFoundation: 216162199b28c13a410421893ffa2e32 -> 
  custom:video-decoder-ogg-theora: a1e56fd34408186e4bbccfd4996cb3dc -> 
  custom:container-muxer-webm: aa71ff27fc2769a1b78a27578f13a17b -> 
  custom:container-demuxer-webm: 4f35f7cbe854078d1ac9338744f61a02 -> 
  custom:container-demuxer-ogg: 62fdf1f143b41e24485cea50d1cbac27 -> 
  custom:video-encoder-webm-vp8: eb34c28f22e8b96e1ab97ce403110664 -> 
  custom:video-decoder-webm-vp8: 9c59270c3fd7afecdb556c50c9e8de78 -> 
  custom:audio-decoder-ogg-vorbis: bf7c407c2cedff20999df2af8eb42d56 -> 
  custom:audio-encoder-webm-vorbis: bf7c407c2cedff20999df2af8eb42d56 -> 
AssetImportWorkerClient::OnTransportError - code=2 error=End of file
